[2024-06-03 00:00:48] INFO root fetch - main [MainThread]: Get Changelog since Serial: [23494120]
[2024-06-03 00:00:52] INFO root fetch - main [MainThread]: Found 1 changed packages
[2024-06-03 00:00:52] INFO root fetch - processPackages [ThreadPoolExecutor-0_0]: Start processing: mimllearning
[2024-06-03 00:00:53] INFO root fetch - processPackages [mimllearning]: New version: [1.0.1] Old Version: [1.0.0]
[2024-06-03 00:00:53] INFO root fetch - processPackages [mimllearning]: Downloading https://files.pythonhosted.org/packages/a4/9c/2c49bfd37dc0016c9ca088be78706ce2f9b173aebbaa1be2978f415be3d4/mimllearning-1.0.0.tar.gz
[2024-06-03 00:00:53] INFO root fetch - processPackages [mimllearning]: Downloading https://files.pythonhosted.org/packages/68/70/27c5336e936e1c4f6fa66d7f320f70ad0ca96bd1a0e024d63f3857f72fb4/mimllearning-1.0.1.tar.gz
[2024-06-03 00:00:53] INFO root fetch - processPackages [mimllearning]: executing diffoscope
[2024-06-03 00:00:53] INFO root fetch - processPackages [mimllearning]: podman run --user 0:0 --rm -w /home/abi/fetcher -v /home/abi/fetcher/tmp:/home/abi/fetcher/tmp:ro -v /home/abi/fetcher/20240603:/home/abi/fetcher/20240603:rw registry.salsa.debian.org/reproducible-builds/diffoscope --no-progress tmp/mimllearning-1.0.0.tar.gz tmp/mimllearning-1.0.1.tar.gz --markdown 20240603/m/mimllearning/1.0.0-1.0.1/README.md --exclude *.pyd
[2024-06-03 00:00:55] INFO root fetch - processPackages [mimllearning]: Remove: archive file [/home/abi/fetcher/tmp/mimllearning-1.0.0.tar.gz]
[2024-06-03 00:00:55] INFO root fetch - processPackages [mimllearning]: Remove: archive file [/home/abi/fetcher/tmp/mimllearning-1.0.1.tar.gz]
[2024-06-03 00:00:55] INFO root fetch - main [MainThread]: End processing [mimllearning]: success
[2024-06-03 00:00:55] INFO root fetch - main [MainThread]: Store serial: [23494123]
[2024-06-03 00:02:58] INFO root fetch - main [MainThread]: Get Changelog since Serial: [23494123]
[2024-06-03 00:03:03] INFO root fetch - main [MainThread]: Found 3 changed packages
[2024-06-03 00:03:03] INFO root fetch - processPackages [ThreadPoolExecutor-0_0]: Start processing: pyaxml
[2024-06-03 00:03:03] INFO root fetch - processPackages [ThreadPoolExecutor-0_1]: Start processing: knuckles
[2024-06-03 00:03:03] INFO root fetch - processPackages [ThreadPoolExecutor-0_2]: Start processing: mimllearning
[2024-06-03 00:03:03] INFO root fetch - processPackages [knuckles]: New version: [1.0.0] Old Version: [0.2.0]
[2024-06-03 00:03:03] INFO root fetch - processPackages [mimllearning]: New version: [1.0.2] Old Version: [1.0.1]
[2024-06-03 00:03:03] INFO root fetch - processPackages [knuckles]: Downloading https://files.pythonhosted.org/packages/95/04/9d07eae42fd3ff27a468821f07704fe692730dcaac54494717f2908a2167/knuckles-0.2.0.tar.gz
[2024-06-03 00:03:03] INFO root fetch - processPackages [pyaxml]: New version: [0.0.9] Old Version: [0.0.8]
[2024-06-03 00:03:03] INFO root fetch - processPackages [mimllearning]: Downloading https://files.pythonhosted.org/packages/68/70/27c5336e936e1c4f6fa66d7f320f70ad0ca96bd1a0e024d63f3857f72fb4/mimllearning-1.0.1.tar.gz
[2024-06-03 00:03:03] INFO root fetch - processPackages [pyaxml]: Downloading https://files.pythonhosted.org/packages/68/5e/5d18356575009aeb4e6f686c9d83994d31b177a8462c265dee522204725c/pyaxml-0.0.8.tar.gz
[2024-06-03 00:03:03] INFO root fetch - processPackages [knuckles]: Downloading https://files.pythonhosted.org/packages/b7/21/84efc429f1d57caec9a0f2c0820a860757a5c3c09ab1e6283d16d6f89cab/knuckles-1.0.0.tar.gz
[2024-06-03 00:03:04] INFO root fetch - processPackages [knuckles]: executing diffoscope
[2024-06-03 00:03:04] INFO root fetch - processPackages [knuckles]: podman run --user 0:0 --rm -w /home/abi/fetcher -v /home/abi/fetcher/tmp:/home/abi/fetcher/tmp:ro -v /home/abi/fetcher/20240603:/home/abi/fetcher/20240603:rw registry.salsa.debian.org/reproducible-builds/diffoscope --no-progress tmp/knuckles-0.2.0.tar.gz tmp/knuckles-1.0.0.tar.gz --markdown 20240603/k/knuckles/0.2.0-1.0.0/README.md --exclude *.pyd
[2024-06-03 00:03:04] INFO root fetch - processPackages [mimllearning]: Downloading https://files.pythonhosted.org/packages/57/b7/d4def1495ce2c5e60adc1873d16324219d98c0491ba1717990559b9061e3/mimllearning-1.0.2.tar.gz
[2024-06-03 00:03:04] INFO root fetch - processPackages [pyaxml]: Downloading https://files.pythonhosted.org/packages/af/ec/497152741b648fca0bffe46a1dcb0afcf5c28cca8c1da013f499de336623/pyaxml-0.0.9.tar.gz
[2024-06-03 00:03:04] INFO root fetch - processPackages [pyaxml]: executing diffoscope
[2024-06-03 00:03:04] INFO root fetch - processPackages [pyaxml]: podman run --user 0:0 --rm -w /home/abi/fetcher -v /home/abi/fetcher/tmp:/home/abi/fetcher/tmp:ro -v /home/abi/fetcher/20240603:/home/abi/fetcher/20240603:rw registry.salsa.debian.org/reproducible-builds/diffoscope --no-progress tmp/pyaxml-0.0.8.tar.gz tmp/pyaxml-0.0.9.tar.gz --markdown 20240603/p/pyaxml/0.0.8-0.0.9/README.md --exclude *.pyd
[2024-06-03 00:03:04] INFO root fetch - processPackages [mimllearning]: executing diffoscope
[2024-06-03 00:03:04] INFO root fetch - processPackages [mimllearning]: podman run --user 0:0 --rm -w /home/abi/fetcher -v /home/abi/fetcher/tmp:/home/abi/fetcher/tmp:ro -v /home/abi/fetcher/20240603:/home/abi/fetcher/20240603:rw registry.salsa.debian.org/reproducible-builds/diffoscope --no-progress tmp/mimllearning-1.0.1.tar.gz tmp/mimllearning-1.0.2.tar.gz --markdown 20240603/m/mimllearning/1.0.1-1.0.2/README.md --exclude *.pyd
[2024-06-03 00:03:04] INFO root fetch - processPackages [knuckles]: Remove: archive file [/home/abi/fetcher/tmp/knuckles-0.2.0.tar.gz]
[2024-06-03 00:03:04] INFO root fetch - processPackages [knuckles]: Remove: archive file [/home/abi/fetcher/tmp/knuckles-1.0.0.tar.gz]
[2024-06-03 00:03:04] INFO root fetch - main [MainThread]: End processing [knuckles]: success
[2024-06-03 00:03:05] INFO root fetch - processPackages [pyaxml]: Remove: archive file [/home/abi/fetcher/tmp/pyaxml-0.0.8.tar.gz]
[2024-06-03 00:03:05] INFO root fetch - processPackages [pyaxml]: Remove: archive file [/home/abi/fetcher/tmp/pyaxml-0.0.9.tar.gz]
[2024-06-03 00:03:05] INFO root fetch - main [MainThread]: End processing [pyaxml]: success
[2024-06-03 00:03:06] INFO root fetch - processPackages [mimllearning]: Remove: archive file [/home/abi/fetcher/tmp/mimllearning-1.0.1.tar.gz]
[2024-06-03 00:03:06] INFO root fetch - processPackages [mimllearning]: Remove: archive file [/home/abi/fetcher/tmp/mimllearning-1.0.2.tar.gz]
[2024-06-03 00:03:06] INFO root fetch - main [MainThread]: End processing [mimllearning]: success
[2024-06-03 00:03:06] INFO root fetch - main [MainThread]: Store serial: [23494132]
[2024-06-03 00:05:09] INFO root fetch - main [MainThread]: Get Changelog since Serial: [23494132]
[2024-06-03 00:05:14] INFO root fetch - main [MainThread]: Found 4 changed packages
[2024-06-03 00:05:14] INFO root fetch - processPackages [ThreadPoolExecutor-0_0]: Start processing: secret-utils
[2024-06-03 00:05:14] INFO root fetch - processPackages [ThreadPoolExecutor-0_1]: Start processing: omniblack.utils
[2024-06-03 00:05:14] INFO root fetch - processPackages [ThreadPoolExecutor-0_2]: Start processing: mini-scikit-learn
[2024-06-03 00:05:14] INFO root fetch - processPackages [ThreadPoolExecutor-0_3]: Start processing: sqlframe
[2024-06-03 00:05:14] INFO root fetch - processPackages [mini-scikit-learn]: New version: [0.1.1] Old Version: [0.1.0]
[2024-06-03 00:05:14] INFO root fetch - processPackages [sqlframe]: New version: [1.5.2] Old Version: [1.5.1]
[2024-06-03 00:05:14] INFO root fetch - processPackages [sqlframe]: Downloading https://files.pythonhosted.org/packages/c5/c1/6293c6ab65c579590666703da78dbd56b29ca1b37d6bd6103225b61beee3/sqlframe-1.5.1.tar.gz
[2024-06-03 00:05:14] INFO root fetch - processPackages [omniblack.utils]: New version: [0.0.2] Old Version: [0.0.1]
[2024-06-03 00:05:14] WARNING root fetch - processPackages [secret-utils]: Skipping, unable to determine old version
[2024-06-03 00:05:14] INFO root fetch - main [MainThread]: End processing [secret-utils] error
[2024-06-03 00:05:14] WARNING root fetch - processPackages [sqlframe]: Skipping package: exceeds size limit 17095728>=10485760
[2024-06-03 00:05:14] INFO root fetch - main [MainThread]: End processing [sqlframe] error
[2024-06-03 00:05:14] INFO root fetch - processPackages [mini-scikit-learn]: Downloading https://files.pythonhosted.org/packages/1d/7d/a08eab197b8256f129a4750983c81b3f61c2d2a24a47d70696898a8cb7f3/mini_scikit_learn-0.1.0.tar.gz
[2024-06-03 00:05:14] INFO root fetch - processPackages [omniblack.utils]: Downloading https://files.pythonhosted.org/packages/d0/00/747fc18eedd4a4a7c5fefaa27f9c5cac77b6c263cd110bc02771d3c0cef7/omniblack.utils-0.0.1.tar.gz
[2024-06-03 00:05:14] INFO root fetch - processPackages [mini-scikit-learn]: Downloading https://files.pythonhosted.org/packages/40/4a/b35d9ab115c198e99ed9a88e1cdd9e79bb45831d67b5365517a6b57be9c6/mini_scikit_learn-0.1.1.tar.gz
[2024-06-03 00:05:14] INFO root fetch - processPackages [omniblack.utils]: Downloading https://files.pythonhosted.org/packages/16/b4/c18e69a0d6efa83537e68347f92553418ba4aa70cb9cec5306a0a99d10d8/omniblack.utils-0.0.2.tar.gz
[2024-06-03 00:05:14] INFO root fetch - processPackages [mini-scikit-learn]: executing diffoscope
[2024-06-03 00:05:14] INFO root fetch - processPackages [mini-scikit-learn]: podman run --user 0:0 --rm -w /home/abi/fetcher -v /home/abi/fetcher/tmp:/home/abi/fetcher/tmp:ro -v /home/abi/fetcher/20240603:/home/abi/fetcher/20240603:rw registry.salsa.debian.org/reproducible-builds/diffoscope --no-progress tmp/mini_scikit_learn-0.1.0.tar.gz tmp/mini_scikit_learn-0.1.1.tar.gz --markdown 20240603/m/mini-scikit-learn/0.1.0-0.1.1/README.md --exclude *.pyd
[2024-06-03 00:05:15] INFO root fetch - processPackages [omniblack.utils]: executing diffoscope
[2024-06-03 00:05:15] INFO root fetch - processPackages [omniblack.utils]: podman run --user 0:0 --rm -w /home/abi/fetcher -v /home/abi/fetcher/tmp:/home/abi/fetcher/tmp:ro -v /home/abi/fetcher/20240603:/home/abi/fetcher/20240603:rw registry.salsa.debian.org/reproducible-builds/diffoscope --no-progress tmp/omniblack.utils-0.0.1.tar.gz tmp/omniblack.utils-0.0.2.tar.gz --markdown 20240603/o/omniblack.utils/0.0.1-0.0.2/README.md --exclude *.pyd
[2024-06-03 00:05:15] INFO root fetch - processPackages [mini-scikit-learn]: Remove: archive file [/home/abi/fetcher/tmp/mini_scikit_learn-0.1.0.tar.gz]
[2024-06-03 00:05:15] INFO root fetch - processPackages [mini-scikit-learn]: Remove: archive file [/home/abi/fetcher/tmp/mini_scikit_learn-0.1.1.tar.gz]
[2024-06-03 00:05:15] INFO root fetch - main [MainThread]: End processing [mini-scikit-learn]: success
[2024-06-03 00:05:15] INFO root fetch - processPackages [omniblack.utils]: Remove: archive file [/home/abi/fetcher/tmp/omniblack.utils-0.0.1.tar.gz]
[2024-06-03 00:05:15] INFO root fetch - processPackages [omniblack.utils]: Remove: archive file [/home/abi/fetcher/tmp/omniblack.utils-0.0.2.tar.gz]
[2024-06-03 00:05:15] INFO root fetch - main [MainThread]: End processing [omniblack.utils]: success
[2024-06-03 00:05:15] INFO root fetch - main [MainThread]: Store serial: [23494146]
[2024-06-03 00:07:19] INFO root fetch - main [MainThread]: Get Changelog since Serial: [23494146]
[2024-06-03 00:07:24] INFO root fetch - main [MainThread]: Found 4 changed packages
[2024-06-03 00:07:24] INFO root fetch - processPackages [ThreadPoolExecutor-0_0]: Start processing: netcord
[2024-06-03 00:07:24] INFO root fetch - processPackages [ThreadPoolExecutor-0_1]: Start processing: omniblack.string-case
[2024-06-03 00:07:24] INFO root fetch - processPackages [ThreadPoolExecutor-0_2]: Start processing: hfutils
[2024-06-03 00:07:24] INFO root fetch - processPackages [ThreadPoolExecutor-0_3]: Start processing: kikuchipy
[2024-06-03 00:07:24] INFO root fetch - processPackages [omniblack.string-case]: New version: [0.0.2] Old Version: [0.0.1]
[2024-06-03 00:07:24] WARNING root fetch - processPackages [netcord]: Skipping, unable to determine old version
[2024-06-03 00:07:24] INFO root fetch - main [MainThread]: End processing [netcord] error
[2024-06-03 00:07:24] INFO root fetch - processPackages [hfutils]: New version: [0.2.7] Old Version: [0.2.6]
[2024-06-03 00:07:24] INFO root fetch - processPackages [kikuchipy]: New version: [0.9.0] Old Version: [0.8.7]
[2024-06-03 00:07:24] INFO root fetch - processPackages [omniblack.string-case]: Downloading https://files.pythonhosted.org/packages/a8/9d/a3e217f44e2c5fc369f4a80826640af5f1210d614f5c58ba0412d85bf438/omniblack.string_case-0.0.1.tar.gz
[2024-06-03 00:07:24] INFO root fetch - processPackages [hfutils]: Downloading https://files.pythonhosted.org/packages/48/d0/012729e74ad8aa55bd90f74edb1101ea40ab5c8cb6e769471cbeadc66f7d/hfutils-0.2.6.tar.gz
[2024-06-03 00:07:24] INFO root fetch - processPackages [kikuchipy]: Downloading https://files.pythonhosted.org/packages/13/b6/07622b3b7cf26588a04ff6cb50b6d816d0f5fc514854c943f7406cb6c7a4/kikuchipy-0.8.7.tar.gz
[2024-06-03 00:07:24] INFO root fetch - processPackages [omniblack.string-case]: Downloading https://files.pythonhosted.org/packages/79/c2/da49e5abdb300dd4f89e415a9946508871c5fb71c190cf34ba97906796a3/omniblack.string_case-0.0.2.tar.gz
[2024-06-03 00:07:24] INFO root fetch - processPackages [hfutils]: Downloading https://files.pythonhosted.org/packages/3b/ea/a847b79e057ee6ca6d15f8daaac18a7e20ac7e16332b267cc23c9cf664c0/hfutils-0.2.7.tar.gz
[2024-06-03 00:07:24] INFO root fetch - processPackages [omniblack.string-case]: executing diffoscope
[2024-06-03 00:07:24] INFO root fetch - processPackages [omniblack.string-case]: podman run --user 0:0 --rm -w /home/abi/fetcher -v /home/abi/fetcher/tmp:/home/abi/fetcher/tmp:ro -v /home/abi/fetcher/20240603:/home/abi/fetcher/20240603:rw registry.salsa.debian.org/reproducible-builds/diffoscope --no-progress tmp/omniblack.string_case-0.0.1.tar.gz tmp/omniblack.string_case-0.0.2.tar.gz --markdown 20240603/o/omniblack.string-case/0.0.1-0.0.2/README.md --exclude *.pyd
[2024-06-03 00:07:24] INFO root fetch - processPackages [hfutils]: executing diffoscope
[2024-06-03 00:07:24] INFO root fetch - processPackages [hfutils]: podman run --user 0:0 --rm -w /home/abi/fetcher -v /home/abi/fetcher/tmp:/home/abi/fetcher/tmp:ro -v /home/abi/fetcher/20240603:/home/abi/fetcher/20240603:rw registry.salsa.debian.org/reproducible-builds/diffoscope --no-progress tmp/hfutils-0.2.6.tar.gz tmp/hfutils-0.2.7.tar.gz --markdown 20240603/h/hfutils/0.2.6-0.2.7/README.md --exclude *.pyd
[2024-06-03 00:07:25] INFO root fetch - processPackages [kikuchipy]: Downloading https://files.pythonhosted.org/packages/d8/d4/2c724d61acffdefdbc0ff5c69176b32870e6672c96892b56e4f748702c24/kikuchipy-0.9.0.tar.gz
[2024-06-03 00:07:25] INFO root fetch - processPackages [kikuchipy]: executing diffoscope
[2024-06-03 00:07:25] INFO root fetch - processPackages [kikuchipy]: podman run --user 0:0 --rm -w /home/abi/fetcher -v /home/abi/fetcher/tmp:/home/abi/fetcher/tmp:ro -v /home/abi/fetcher/20240603:/home/abi/fetcher/20240603:rw registry.salsa.debian.org/reproducible-builds/diffoscope --no-progress tmp/kikuchipy-0.8.7.tar.gz tmp/kikuchipy-0.9.0.tar.gz --markdown 20240603/k/kikuchipy/0.8.7-0.9.0/README.md --exclude *.pyd
[2024-06-03 00:07:25] INFO root fetch - processPackages [hfutils]: Remove: archive file [/home/abi/fetcher/tmp/hfutils-0.2.6.tar.gz]
[2024-06-03 00:07:25] INFO root fetch - processPackages [hfutils]: Remove: archive file [/home/abi/fetcher/tmp/hfutils-0.2.7.tar.gz]
[2024-06-03 00:07:25] INFO root fetch - main [MainThread]: End processing [hfutils]: success
[2024-06-03 00:07:25] INFO root fetch - processPackages [omniblack.string-case]: Remove: archive file [/home/abi/fetcher/tmp/omniblack.string_case-0.0.1.tar.gz]
[2024-06-03 00:07:25] INFO root fetch - processPackages [omniblack.string-case]: Remove: archive file [/home/abi/fetcher/tmp/omniblack.string_case-0.0.2.tar.gz]
[2024-06-03 00:07:25] INFO root fetch - main [MainThread]: End processing [omniblack.string-case]: success
[2024-06-03 00:07:26] INFO root fetch - processPackages [kikuchipy]: Remove: archive file [/home/abi/fetcher/tmp/kikuchipy-0.8.7.tar.gz]
[2024-06-03 00:07:26] INFO root fetch - processPackages [kikuchipy]: Remove: archive file [/home/abi/fetcher/tmp/kikuchipy-0.9.0.tar.gz]
[2024-06-03 00:07:26] INFO root fetch - main [MainThread]: End processing [kikuchipy]: success
[2024-06-03 00:07:26] INFO root fetch - main [MainThread]: Store serial: [23494160]
[2024-06-03 00:09:30] INFO root fetch - main [MainThread]: Get Changelog since Serial: [23494160]
[2024-06-03 00:09:35] INFO root fetch - main [MainThread]: Found 3 changed packages
[2024-06-03 00:09:35] INFO root fetch - processPackages [ThreadPoolExecutor-0_0]: Start processing: bussinwebx-get
[2024-06-03 00:09:35] INFO root fetch - processPackages [ThreadPoolExecutor-0_1]: Start processing: owega
[2024-06-03 00:09:35] INFO root fetch - processPackages [ThreadPoolExecutor-0_2]: Start processing: compressed-tensors-nightly
[2024-06-03 00:09:35] INFO root fetch - processPackages [owega]: New version: [5.9.2] Old Version: [5.9.1]
[2024-06-03 00:09:35] INFO root fetch - processPackages [bussinwebx-get]: New version: [2.0.0] Old Version: [1.0.6]
[2024-06-03 00:09:35] INFO root fetch - processPackages [compressed-tensors-nightly]: New version: [0.3.3.20240602] Old Version: [0.3.3.20240601]
[2024-06-03 00:09:35] INFO root fetch - processPackages [owega]: Downloading https://files.pythonhosted.org/packages/85/76/57fa9903697edea08b20da806c9ee14cf9d8ef0efe432ea26470dfbcaba3/owega-5.9.1.tar.gz
[2024-06-03 00:09:35] INFO root fetch - processPackages [bussinwebx-get]: Downloading https://files.pythonhosted.org/packages/7b/51/994f5bcbb5718a7541e46fe93f5b3888b51f1d37b0deea26db82c1476a44/bussinwebx_get-1.0.6.tar.gz
[2024-06-03 00:09:35] INFO root fetch - processPackages [owega]: Downloading https://files.pythonhosted.org/packages/fd/0e/5545ead0b5918c5ba6daea5b2ac76ba0c1beb20095a8b8525f453b9bcb7f/owega-5.9.2.tar.gz
[2024-06-03 00:09:35] INFO root fetch - processPackages [compressed-tensors-nightly]: Downloading https://files.pythonhosted.org/packages/8c/fb/c8b2738f760364cd597d216c88d5ab2166ef129938aee7008cea47cf37e1/compressed_tensors_nightly-0.3.3.20240601-py3-none-any.whl
[2024-06-03 00:09:35] INFO root fetch - processPackages [owega]: executing diffoscope
[2024-06-03 00:09:35] INFO root fetch - processPackages [owega]: podman run --user 0:0 --rm -w /home/abi/fetcher -v /home/abi/fetcher/tmp:/home/abi/fetcher/tmp:ro -v /home/abi/fetcher/20240603:/home/abi/fetcher/20240603:rw registry.salsa.debian.org/reproducible-builds/diffoscope --no-progress tmp/owega-5.9.1.tar.gz tmp/owega-5.9.2.tar.gz --markdown 20240603/o/owega/5.9.1-5.9.2/README.md --exclude *.pyd
[2024-06-03 00:09:35] INFO root fetch - processPackages [bussinwebx-get]: Downloading https://files.pythonhosted.org/packages/69/0c/f904309bdba6d9fd6fc3600cddecb505d13130d13a1e426214a22ecff13f/bussinwebx_get-2.0.0.tar.gz
[2024-06-03 00:09:35] INFO root fetch - processPackages [compressed-tensors-nightly]: Downloading https://files.pythonhosted.org/packages/55/4d/8a0ac54fa576618c77828608299ddbeb9c83407ae67d254efe02368303a5/compressed_tensors_nightly-0.3.3.20240602-py3-none-any.whl
[2024-06-03 00:09:35] INFO root fetch - processPackages [bussinwebx-get]: executing diffoscope
[2024-06-03 00:09:35] INFO root fetch - processPackages [bussinwebx-get]: podman run --user 0:0 --rm -w /home/abi/fetcher -v /home/abi/fetcher/tmp:/home/abi/fetcher/tmp:ro -v /home/abi/fetcher/20240603:/home/abi/fetcher/20240603:rw registry.salsa.debian.org/reproducible-builds/diffoscope --no-progress tmp/bussinwebx_get-1.0.6.tar.gz tmp/bussinwebx_get-2.0.0.tar.gz --markdown 20240603/b/bussinwebx-get/1.0.6-2.0.0/README.md --exclude *.pyd
[2024-06-03 00:09:36] INFO root fetch - processPackages [compressed-tensors-nightly]: executing diffoscope
[2024-06-03 00:09:36] INFO root fetch - processPackages [compressed-tensors-nightly]: podman run --user 0:0 --rm -w /home/abi/fetcher -v /home/abi/fetcher/tmp:/home/abi/fetcher/tmp:ro -v /home/abi/fetcher/20240603:/home/abi/fetcher/20240603:rw registry.salsa.debian.org/reproducible-builds/diffoscope --no-progress tmp/compressed_tensors_nightly-0.3.3.20240601-py3-none-any.whl.zip tmp/compressed_tensors_nightly-0.3.3.20240602-py3-none-any.whl.zip --markdown 20240603/c/compressed-tensors-nightly/0.3.3.20240601-0.3.3.20240602/README.md --exclude *.pyd
[2024-06-03 00:09:36] INFO root fetch - processPackages [owega]: Remove: archive file [/home/abi/fetcher/tmp/owega-5.9.1.tar.gz]
[2024-06-03 00:09:36] INFO root fetch - processPackages [owega]: Remove: archive file [/home/abi/fetcher/tmp/owega-5.9.2.tar.gz]
[2024-06-03 00:09:36] INFO root fetch - main [MainThread]: End processing [owega]: success
[2024-06-03 00:09:36] INFO root fetch - processPackages [bussinwebx-get]: Remove: archive file [/home/abi/fetcher/tmp/bussinwebx_get-1.0.6.tar.gz]
[2024-06-03 00:09:36] INFO root fetch - processPackages [bussinwebx-get]: Remove: archive file [/home/abi/fetcher/tmp/bussinwebx_get-2.0.0.tar.gz]
[2024-06-03 00:09:36] INFO root fetch - main [MainThread]: End processing [bussinwebx-get]: success
[2024-06-03 00:09:36] INFO root fetch - processPackages [compressed-tensors-nightly]: Remove: archive file [/home/abi/fetcher/tmp/compressed_tensors_nightly-0.3.3.20240601-py3-none-any.whl.zip]
[2024-06-03 00:09:36] INFO root fetch - processPackages [compressed-tensors-nightly]: Remove: archive file [/home/abi/fetcher/tmp/compressed_tensors_nightly-0.3.3.20240602-py3-none-any.whl.zip]
[2024-06-03 00:09:36] INFO root fetch - main [MainThread]: End processing [compressed-tensors-nightly]: success
[2024-06-03 00:09:36] INFO root fetch - main [MainThread]: Store serial: [23494168]
[2024-06-03 00:11:39] INFO root fetch - main [MainThread]: Get Changelog since Serial: [23494168]
[2024-06-03 00:11:44] INFO root fetch - main [MainThread]: Found 1 changed packages
[2024-06-03 00:11:44] INFO root fetch - processPackages [ThreadPoolExecutor-0_0]: Start processing: django-tmmis
[2024-06-03 00:11:44] INFO root fetch - processPackages [django-tmmis]: New version: [0.3.7.dev1] Old Version: [0.3.7.dev0]
[2024-06-03 00:11:44] INFO root fetch - processPackages [django-tmmis]: Downloading https://files.pythonhosted.org/packages/b8/a6/b6991cd4511a02bc5743720c00fd6a1f62164338c944134815e148241bdd/django_tmmis-0.3.7.dev0.tar.gz
[2024-06-03 00:11:45] INFO root fetch - processPackages [django-tmmis]: Downloading https://files.pythonhosted.org/packages/69/04/b8d61e71524f3304ff31d511d22b51d146ca6b885b2d5a596c1cfdfcf654/django_tmmis-0.3.7.dev1.tar.gz
[2024-06-03 00:11:45] INFO root fetch - processPackages [django-tmmis]: executing diffoscope
[2024-06-03 00:11:45] INFO root fetch - processPackages [django-tmmis]: podman run --user 0:0 --rm -w /home/abi/fetcher -v /home/abi/fetcher/tmp:/home/abi/fetcher/tmp:ro -v /home/abi/fetcher/20240603:/home/abi/fetcher/20240603:rw registry.salsa.debian.org/reproducible-builds/diffoscope --no-progress tmp/django_tmmis-0.3.7.dev0.tar.gz tmp/django_tmmis-0.3.7.dev1.tar.gz --markdown 20240603/d/django-tmmis/0.3.7.dev0-0.3.7.dev1/README.md --exclude *.pyd
[2024-06-03 00:11:45] INFO root fetch - processPackages [django-tmmis]: Remove: archive file [/home/abi/fetcher/tmp/django_tmmis-0.3.7.dev0.tar.gz]
[2024-06-03 00:11:45] INFO root fetch - processPackages [django-tmmis]: Remove: archive file [/home/abi/fetcher/tmp/django_tmmis-0.3.7.dev1.tar.gz]
[2024-06-03 00:11:45] INFO root fetch - main [MainThread]: End processing [django-tmmis]: success
[2024-06-03 00:11:45] INFO root fetch - main [MainThread]: Store serial: [23494171]
